\BOOKMARK [0][-]{chapter.1}{\376\377\000M\000e\000d\000e\000x\000t\000r\000a\000c\000t\000o\000r\000\040\000-\000\040\000K\000o\000n\000s\000o\000l\000e\000n\000a\000p\000p\000l\000i\000k\000a\000t\000i\000o\000n}{}% 1
\BOOKMARK [0][-]{chapter.2}{\376\377\000K\000o\000n\000f\000i\000g\000u\000r\000a\000t\000i\000o\000n\000s\000d\000a\000t\000e\000i\000\040\000c\000o\000n\000f\000i\000g\000.\000j\000s\000o\000n}{}% 2
\BOOKMARK [0][-]{chapter.3}{\376\377\000V\000o\000k\000a\000b\000u\000l\000a\000r\000-\000D\000a\000t\000e\000i\000e\000n}{}% 3
\BOOKMARK [0][-]{chapter.4}{\376\377\000A\000u\000f\000r\000u\000f\000\040\000d\000e\000s\000\040\000P\000r\000o\000g\000r\000a\000m\000m\000s}{}% 4
\BOOKMARK [1][-]{section.4.1}{\376\377\000V\000o\000r\000a\000u\000s\000s\000e\000t\000z\000u\000n\000g\000e\000n}{chapter.4}% 5
\BOOKMARK [1][-]{section.4.2}{\376\377\000A\000u\000f\000r\000u\000f}{chapter.4}% 6
\BOOKMARK [0][-]{chapter.5}{\376\377\000E\000n\000t\000i\000t\000y\000-\000L\000i\000n\000k\000e\000r}{}% 7
\BOOKMARK [0][-]{chapter.6}{\376\377\000m\000e\000d\000e\000x\000t\000r\000a\000c\000t\000o\000r}{}% 8
\BOOKMARK [1][-]{section.6.1}{\376\377\000m\000e\000d\000e\000x\000t\000r\000a\000c\000t\000o\000r\000\040\000p\000a\000c\000k\000a\000g\000e}{chapter.6}% 9
\BOOKMARK [2][-]{subsection.6.1.1}{\376\377\000S\000u\000b\000p\000a\000c\000k\000a\000g\000e\000s}{section.6.1}% 10
\BOOKMARK [3][-]{subsubsection*.3}{\376\377\000m\000e\000d\000e\000x\000t\000r\000a\000c\000t\000o\000r\000.\000d\000u\000m\000m\000y\000\040\000p\000a\000c\000k\000a\000g\000e}{subsection.6.1.1}% 11
\BOOKMARK [4][-]{paragraph*.4}{\376\377\000S\000u\000b\000m\000o\000d\000u\000l\000e\000s}{subsubsection*.3}% 12
\BOOKMARK [4][-]{paragraph*.5}{\376\377\000m\000e\000d\000e\000x\000t\000r\000a\000c\000t\000o\000r\000.\000d\000u\000m\000m\000y\000.\000d\000u\000m\000m\000y\000\040\000m\000o\000d\000u\000l\000e}{subsubsection*.3}% 13
\BOOKMARK [4][-]{paragraph*.12}{\376\377\000M\000o\000d\000u\000l\000e\000\040\000c\000o\000n\000t\000e\000n\000t\000s}{subsubsection*.3}% 14
\BOOKMARK [3][-]{subsubsection*.13}{\376\377\000m\000e\000d\000e\000x\000t\000r\000a\000c\000t\000o\000r\000.\000i\000n\000t\000e\000r\000f\000a\000c\000e\000s\000\040\000p\000a\000c\000k\000a\000g\000e}{subsection.6.1.1}% 15
\BOOKMARK [4][-]{paragraph*.14}{\376\377\000S\000u\000b\000m\000o\000d\000u\000l\000e\000s}{subsubsection*.13}% 16
\BOOKMARK [4][-]{paragraph*.15}{\376\377\000m\000e\000d\000e\000x\000t\000r\000a\000c\000t\000o\000r\000.\000i\000n\000t\000e\000r\000f\000a\000c\000e\000s\000.\000i\000n\000t\000e\000r\000f\000a\000c\000e\000s\000\040\000m\000o\000d\000u\000l\000e}{subsubsection*.13}% 17
\BOOKMARK [4][-]{paragraph*.23}{\376\377\000M\000o\000d\000u\000l\000e\000\040\000c\000o\000n\000t\000e\000n\000t\000s}{subsubsection*.13}% 18
\BOOKMARK [3][-]{subsubsection*.24}{\376\377\000m\000e\000d\000e\000x\000t\000r\000a\000c\000t\000o\000r\000.\000k\000n\000o\000w\000l\000e\000d\000g\000e\000\040\000p\000a\000c\000k\000a\000g\000e}{subsection.6.1.1}% 19
\BOOKMARK [4][-]{paragraph*.25}{\376\377\000S\000u\000b\000m\000o\000d\000u\000l\000e\000s}{subsubsection*.24}% 20
\BOOKMARK [4][-]{paragraph*.26}{\376\377\000m\000e\000d\000e\000x\000t\000r\000a\000c\000t\000o\000r\000.\000k\000n\000o\000w\000l\000e\000d\000g\000e\000.\000b\000a\000s\000e\000\040\000m\000o\000d\000u\000l\000e}{subsubsection*.24}% 21
\BOOKMARK [4][-]{paragraph*.35}{\376\377\000m\000e\000d\000e\000x\000t\000r\000a\000c\000t\000o\000r\000.\000k\000n\000o\000w\000l\000e\000d\000g\000e\000.\000e\000n\000t\000i\000t\000y\000\040\000m\000o\000d\000u\000l\000e}{subsubsection*.24}% 22
\BOOKMARK [4][-]{paragraph*.41}{\376\377\000m\000e\000d\000e\000x\000t\000r\000a\000c\000t\000o\000r\000.\000k\000n\000o\000w\000l\000e\000d\000g\000e\000.\000r\000e\000l\000a\000t\000i\000o\000n\000s\000\040\000m\000o\000d\000u\000l\000e}{subsubsection*.24}% 23
\BOOKMARK [4][-]{paragraph*.46}{\376\377\000m\000e\000d\000e\000x\000t\000r\000a\000c\000t\000o\000r\000.\000k\000n\000o\000w\000l\000e\000d\000g\000e\000.\000s\000e\000m\000a\000n\000t\000i\000c\000s\000\040\000m\000o\000d\000u\000l\000e}{subsubsection*.24}% 24
\BOOKMARK [4][-]{paragraph*.50}{\376\377\000M\000o\000d\000u\000l\000e\000\040\000c\000o\000n\000t\000e\000n\000t\000s}{subsubsection*.24}% 25
\BOOKMARK [3][-]{subsubsection*.51}{\376\377\000m\000e\000d\000e\000x\000t\000r\000a\000c\000t\000o\000r\000.\000k\000n\000o\000w\000l\000e\000d\000g\000e\000\137\000e\000x\000t\000r\000a\000c\000t\000o\000r\000\040\000p\000a\000c\000k\000a\000g\000e}{subsection.6.1.1}% 26
\BOOKMARK [4][-]{paragraph*.52}{\376\377\000S\000u\000b\000m\000o\000d\000u\000l\000e\000s}{subsubsection*.51}% 27
\BOOKMARK [4][-]{paragraph*.53}{\376\377\000m\000e\000d\000e\000x\000t\000r\000a\000c\000t\000o\000r\000.\000k\000n\000o\000w\000l\000e\000d\000g\000e\000\137\000e\000x\000t\000r\000a\000c\000t\000o\000r\000.\000k\000n\000o\000w\000l\000e\000d\000g\000e\000\137\000e\000x\000t\000r\000a\000c\000t\000o\000r\000\040\000m\000o\000d\000u\000l\000e}{subsubsection*.51}% 28
\BOOKMARK [4][-]{paragraph*.61}{\376\377\000M\000o\000d\000u\000l\000e\000\040\000c\000o\000n\000t\000e\000n\000t\000s}{subsubsection*.51}% 29
\BOOKMARK [3][-]{subsubsection*.62}{\376\377\000m\000e\000d\000e\000x\000t\000r\000a\000c\000t\000o\000r\000.\000p\000r\000e\000p\000r\000o\000c\000e\000s\000s\000o\000r\000\040\000p\000a\000c\000k\000a\000g\000e}{subsection.6.1.1}% 30
\BOOKMARK [4][-]{paragraph*.63}{\376\377\000S\000u\000b\000m\000o\000d\000u\000l\000e\000s}{subsubsection*.62}% 31
\BOOKMARK [4][-]{paragraph*.64}{\376\377\000m\000e\000d\000e\000x\000t\000r\000a\000c\000t\000o\000r\000.\000p\000r\000e\000p\000r\000o\000c\000e\000s\000s\000o\000r\000.\000p\000r\000e\000p\000r\000o\000c\000e\000s\000s\000o\000r\000\040\000m\000o\000d\000u\000l\000e}{subsubsection*.62}% 32
\BOOKMARK [4][-]{paragraph*.68}{\376\377\000M\000o\000d\000u\000l\000e\000\040\000c\000o\000n\000t\000e\000n\000t\000s}{subsubsection*.62}% 33
\BOOKMARK [3][-]{subsubsection*.69}{\376\377\000m\000e\000d\000e\000x\000t\000r\000a\000c\000t\000o\000r\000.\000r\000d\000f\000\040\000p\000a\000c\000k\000a\000g\000e}{subsection.6.1.1}% 34
\BOOKMARK [4][-]{paragraph*.70}{\376\377\000S\000u\000b\000m\000o\000d\000u\000l\000e\000s}{subsubsection*.69}% 35
\BOOKMARK [4][-]{paragraph*.71}{\376\377\000m\000e\000d\000e\000x\000t\000r\000a\000c\000t\000o\000r\000.\000r\000d\000f\000.\000R\000D\000F\000S\000e\000r\000i\000a\000l\000i\000s\000e\000r\000\040\000m\000o\000d\000u\000l\000e}{subsubsection*.69}% 36
\BOOKMARK [4][-]{paragraph*.76}{\376\377\000m\000e\000d\000e\000x\000t\000r\000a\000c\000t\000o\000r\000.\000r\000d\000f\000.\000g\000r\000a\000p\000h\000m\000a\000n\000a\000g\000e\000r\000\040\000m\000o\000d\000u\000l\000e}{subsubsection*.69}% 37
\BOOKMARK [4][-]{paragraph*.81}{\376\377\000M\000o\000d\000u\000l\000e\000\040\000c\000o\000n\000t\000e\000n\000t\000s}{subsubsection*.69}% 38
\BOOKMARK [2][-]{subsection.6.1.2}{\376\377\000S\000u\000b\000m\000o\000d\000u\000l\000e\000s}{section.6.1}% 39
\BOOKMARK [2][-]{subsection.6.1.3}{\376\377\000m\000e\000d\000e\000x\000t\000r\000a\000c\000t\000o\000r\000.\000c\000o\000n\000f\000i\000g\000\137\000m\000a\000n\000a\000g\000e\000r\000\040\000m\000o\000d\000u\000l\000e}{section.6.1}% 40
\BOOKMARK [2][-]{subsection.6.1.4}{\376\377\000m\000e\000d\000e\000x\000t\000r\000a\000c\000t\000o\000r\000.\000m\000a\000n\000u\000a\000l\000\137\000r\000d\000f\000\137\000g\000r\000a\000p\000h\000\040\000m\000o\000d\000u\000l\000e}{section.6.1}% 41
\BOOKMARK [2][-]{subsection.6.1.5}{\376\377\000m\000e\000d\000e\000x\000t\000r\000a\000c\000t\000o\000r\000.\000m\000e\000d\000e\000x\000t\000r\000a\000c\000t\000o\000r\000\040\000m\000o\000d\000u\000l\000e}{section.6.1}% 42
\BOOKMARK [2][-]{subsection.6.1.6}{\376\377\000m\000e\000d\000e\000x\000t\000r\000a\000c\000t\000o\000r\000.\000r\000u\000l\000e\000r\000\137\000c\000r\000e\000a\000t\000o\000r\000\040\000m\000o\000d\000u\000l\000e}{section.6.1}% 43
\BOOKMARK [2][-]{subsection.6.1.7}{\376\377\000M\000o\000d\000u\000l\000e\000\040\000c\000o\000n\000t\000e\000n\000t\000s}{section.6.1}% 44
\BOOKMARK [0][-]{chapter.7}{\376\377\000I\000n\000d\000i\000c\000e\000s\000\040\000a\000n\000d\000\040\000t\000a\000b\000l\000e\000s}{}% 45
\BOOKMARK [0][-]{section*.87}{\376\377\000P\000y\000t\000h\000o\000n\000\040\000M\000o\000d\000u\000l\000e\000\040\000I\000n\000d\000e\000x}{}% 46
\BOOKMARK [0][-]{section*.88}{\376\377\000I\000n\000d\000e\000x}{}% 47
