This is pdfTeX, Version 3.14159265-2.6-1.40.20 (TeX Live 2019/W32TeX) (preloaded format=pdflatex 2020.3.3)  27 JAN 2023 18:04
entering extended mode
 restricted \write18 enabled.
 %&-line parsing enabled.
**medextractor.tex
(./medextractor.tex
LaTeX2e <2020-02-02> patch level 5
L3 programming layer <2020-02-25> (./sphinxmanual.cls
Document Class: sphinxmanual 2019/12/01 v2.3.0 Document class (Sphinx manual)

(c:/Programme/Textverarbeitung/TexLive/2019/texmf-dist/tex/latex/base/report.cl
s
Document Class: report 2019/12/20 v1.4l Standard LaTeX document class

(c:/Programme/Textverarbeitung/TexLive/2019/texmf-dist/tex/latex/base/size10.cl
o
File: size10.clo 2019/12/20 v1.4l Standard LaTeX file (size option)
)
\c@part=\count167
\c@chapter=\count168
\c@section=\count169
\c@subsection=\count170
\c@subsubsection=\count171
\c@paragraph=\count172
\c@subparagraph=\count173
\c@figure=\count174
\c@table=\count175
\abovecaptionskip=\skip47
\belowcaptionskip=\skip48
\bibindent=\dimen134
)
LaTeX Info: Redefining \and on input line 35.
)
(c:/Programme/Textverarbeitung/TexLive/2019/texmf-dist/tex/latex/base/inputenc.
sty
Package: inputenc 2018/08/11 v1.3c Input encoding file
\inpenc@prehook=\toks15
\inpenc@posthook=\toks16
)
   defining Unicode char U+00A0 (decimal 160)
   defining Unicode char U+2500 (decimal 9472)
   defining Unicode char U+2502 (decimal 9474)
   defining Unicode char U+2514 (decimal 9492)
   defining Unicode char U+251C (decimal 9500)
   defining Unicode char U+2572 (decimal 9586)

(c:/Programme/Textverarbeitung/TexLive/2019/texmf-dist/tex/latex/cmap/cmap.sty
Package: cmap 2008/03/06 v1.0h CMap support: searchable PDF
)
(c:/Programme/Textverarbeitung/TexLive/2019/texmf-dist/tex/latex/base/fontenc.s
ty
Package: fontenc 2020/02/11 v2.0o Standard LaTeX package
<<t1.cmap>>)
(c:/Programme/Textverarbeitung/TexLive/2019/texmf-dist/tex/latex/amsmath/amsmat
h.sty
Package: amsmath 2020/01/20 v2.17e AMS math features
\@mathmargin=\skip49

For additional information on amsmath, use the `?' option.

(c:/Programme/Textverarbeitung/TexLive/2019/texmf-dist/tex/latex/amsmath/amstex
t.sty
Package: amstext 2000/06/29 v2.01 AMS text

(c:/Programme/Textverarbeitung/TexLive/2019/texmf-dist/tex/latex/amsmath/amsgen
.sty
File: amsgen.sty 1999/11/30 v2.0 generic functions
\@emptytoks=\toks17
\ex@=\dimen135
))
(c:/Programme/Textverarbeitung/TexLive/2019/texmf-dist/tex/latex/amsmath/amsbsy
.sty
Package: amsbsy 1999/11/29 v1.2d Bold Symbols
\pmbraise@=\dimen136
)
(c:/Programme/Textverarbeitung/TexLive/2019/texmf-dist/tex/latex/amsmath/amsopn
.sty
Package: amsopn 2016/03/08 v2.02 operator names
)
\inf@bad=\count176
LaTeX Info: Redefining \frac on input line 227.
\uproot@=\count177
\leftroot@=\count178
LaTeX Info: Redefining \overline on input line 389.
\classnum@=\count179
\DOTSCASE@=\count180
LaTeX Info: Redefining \ldots on input line 486.
LaTeX Info: Redefining \dots on input line 489.
LaTeX Info: Redefining \cdots on input line 610.
\Mathstrutbox@=\box45
\strutbox@=\box46
\big@size=\dimen137
LaTeX Font Info:    Redeclaring font encoding OML on input line 733.
LaTeX Font Info:    Redeclaring font encoding OMS on input line 734.
\macc@depth=\count181
\c@MaxMatrixCols=\count182
\dotsspace@=\muskip16
\c@parentequation=\count183
\dspbrk@lvl=\count184
\tag@help=\toks18
\row@=\count185
\column@=\count186
\maxfields@=\count187
\andhelp@=\toks19
\eqnshift@=\dimen138
\alignsep@=\dimen139
\tagshift@=\dimen140
\tagwidth@=\dimen141
\totwidth@=\dimen142
\lineht@=\dimen143
\@envbody=\toks20
\multlinegap=\skip50
\multlinetaggap=\skip51
\mathdisplay@stack=\toks21
LaTeX Info: Redefining \[ on input line 2859.
LaTeX Info: Redefining \] on input line 2860.
)
(c:/Programme/Textverarbeitung/TexLive/2019/texmf-dist/tex/latex/amsfonts/amssy
mb.sty
Package: amssymb 2013/01/14 v3.01 AMS font symbols

(c:/Programme/Textverarbeitung/TexLive/2019/texmf-dist/tex/latex/amsfonts/amsfo
nts.sty
Package: amsfonts 2013/01/14 v3.01 Basic AMSFonts support
\symAMSa=\mathgroup4
\symAMSb=\mathgroup5
LaTeX Font Info:    Redeclaring math symbol \hbar on input line 98.
LaTeX Font Info:    Overwriting math alphabet `\mathfrak' in version `bold'
(Font)                  U/euf/m/n --> U/euf/b/n on input line 106.
))
(c:/Programme/Textverarbeitung/TexLive/2019/texmf-dist/tex/generic/babel/babel.
sty
Package: babel 2020/02/28 3.41 The Babel package

(c:/Programme/Textverarbeitung/TexLive/2019/texmf-dist/tex/generic/babel/switch
.def
File: switch.def 2020/02/28 3.41 Babel switching mechanism
)
(c:/Programme/Textverarbeitung/TexLive/2019/texmf-dist/tex/generic/babel-englis
h/english.ldf
Language: english 2017/06/06 v3.3r English support from the babel system

(c:/Programme/Textverarbeitung/TexLive/2019/texmf-dist/tex/generic/babel/babel.
def
File: babel.def 2020/02/28 3.41 Babel common definitions
\babel@savecnt=\count188
\U@D=\dimen144

(c:/Programme/Textverarbeitung/TexLive/2019/texmf-dist/tex/generic/babel/txtbab
el.def)
\bbl@readstream=\read2
\bbl@dirlevel=\count189
)
Package babel Info: \l@canadian = using hyphenrules for english
(babel)             (\language0) on input line 102.
Package babel Info: \l@australian = using hyphenrules for ukenglish
(babel)             (\language21) on input line 105.
Package babel Info: \l@newzealand = using hyphenrules for ukenglish
(babel)             (\language21) on input line 108.
))
(c:/Programme/Textverarbeitung/TexLive/2019/texmf-dist/tex/latex/tex-gyre/tgter
mes.sty
Package: tgtermes 2009/09/27 v1.2 TeX Gyre Termes as default roman family

(c:/Programme/Textverarbeitung/TexLive/2019/texmf-dist/tex/latex/kvoptions/kvop
tions.sty
Package: kvoptions 2019/11/29 v3.13 Key value format for package options (HO)

(c:/Programme/Textverarbeitung/TexLive/2019/texmf-dist/tex/latex/graphics/keyva
l.sty
Package: keyval 2014/10/28 v1.15 key=value parser (DPC)
\KV@toks@=\toks22
)
(c:/Programme/Textverarbeitung/TexLive/2019/texmf-dist/tex/generic/ltxcmds/ltxc
mds.sty
Package: ltxcmds 2019/12/15 v1.24 LaTeX kernel commands for general use (HO)
)
(c:/Programme/Textverarbeitung/TexLive/2019/texmf-dist/tex/generic/kvsetkeys/kv
setkeys.sty
Package: kvsetkeys 2019/12/15 v1.18 Key value parser (HO)
)))
(c:/Programme/Textverarbeitung/TexLive/2019/texmf-dist/tex/latex/tex-gyre/tgher
os.sty
Package: tgheros 2009/09/27 v1.2 TeX Gyre Heros as default sans serif family
)
(c:/Programme/Textverarbeitung/TexLive/2019/texmf-dist/tex/latex/fncychap/fncyc
hap.sty
Package: fncychap 2007/07/30 v1.34 LaTeX package (Revised chapters)
\RW=\skip52
\mylen=\skip53
\myhi=\skip54
\px=\skip55
\py=\skip56
\pyy=\skip57
\pxx=\skip58
\c@AlphaCnt=\count190
\c@AlphaDecCnt=\count191
) (./sphinx.sty
Package: sphinx 2021/01/27 v4.0.0 LaTeX package (Sphinx markup)

(c:/Programme/Textverarbeitung/TexLive/2019/texmf-dist/tex/latex/xcolor/xcolor.
sty
Package: xcolor 2016/05/11 v2.12 LaTeX color extensions (UK)

(c:/Programme/Textverarbeitung/TexLive/2019/texmf-dist/tex/latex/graphics-cfg/c
olor.cfg
File: color.cfg 2016/01/02 v1.6 sample color configuration
)
Package xcolor Info: Driver file: pdftex.def on input line 225.

(c:/Programme/Textverarbeitung/TexLive/2019/texmf-dist/tex/latex/graphics-def/p
dftex.def
File: pdftex.def 2018/01/08 v1.0l Graphics/color driver for pdftex
)
Package xcolor Info: Model `cmy' substituted by `cmy0' on input line 1348.
Package xcolor Info: Model `hsb' substituted by `rgb' on input line 1352.
Package xcolor Info: Model `RGB' extended on input line 1364.
Package xcolor Info: Model `HTML' substituted by `rgb' on input line 1366.
Package xcolor Info: Model `Hsb' substituted by `hsb' on input line 1367.
Package xcolor Info: Model `tHsb' substituted by `hsb' on input line 1368.
Package xcolor Info: Model `HSB' substituted by `hsb' on input line 1369.
Package xcolor Info: Model `Gray' substituted by `gray' on input line 1370.
Package xcolor Info: Model `wave' substituted by `hsb' on input line 1371.
)
\sphinxverbatimsep=\dimen145
\sphinxverbatimborder=\dimen146
\sphinxshadowsep=\dimen147
\sphinxshadowsize=\dimen148
\sphinxshadowrule=\dimen149
\spx@notice@border=\dimen150
 (./sphinxoptionshyperref.sty
File: sphinxoptionshyperref.sty 2021/01/27 hyperref
) (./sphinxoptionsgeometry.sty
File: sphinxoptionsgeometry.sty 2021/01/27 geometry
)
(c:/Programme/Textverarbeitung/TexLive/2019/texmf-dist/tex/latex/base/textcomp.
sty
Package: textcomp 2020/02/02 v2.0n Standard LaTeX package
)
(c:/Programme/Textverarbeitung/TexLive/2019/texmf-dist/tex/latex/float/float.st
y
Package: float 2001/11/08 v1.3d Float enhancements (AL)
\c@float@type=\count192
\float@exts=\toks23
\float@box=\box47
\@float@everytoks=\toks24
\@floatcapt=\box48
)
(c:/Programme/Textverarbeitung/TexLive/2019/texmf-dist/tex/latex/wrapfig/wrapfi
g.sty
\wrapoverhang=\dimen151
\WF@size=\dimen152
\c@WF@wrappedlines=\count193
\WF@box=\box49
\WF@everypar=\toks25
Package: wrapfig 2003/01/31  v 3.6
)
(c:/Programme/Textverarbeitung/TexLive/2019/texmf-dist/tex/latex/capt-of/capt-o
f.sty
Package: capt-of 2009/12/29 v0.2 standard captions outside of floats
)
(c:/Programme/Textverarbeitung/TexLive/2019/texmf-dist/tex/latex/tools/multicol
.sty
Package: multicol 2019/12/09 v1.8y multicolumn formatting (FMi)
\c@tracingmulticols=\count194
\mult@box=\box50
\multicol@leftmargin=\dimen153
\c@unbalance=\count195
\c@collectmore=\count196
\doublecol@number=\count197
\multicoltolerance=\count198
\multicolpretolerance=\count199
\full@width=\dimen154
\page@free=\dimen155
\premulticols=\dimen156
\postmulticols=\dimen157
\multicolsep=\skip59
\multicolbaselineskip=\skip60
\partial@page=\box51
\last@line=\box52
\maxbalancingoverflow=\dimen158
\mult@rightbox=\box53
\mult@grightbox=\box54
\mult@gfirstbox=\box55
\mult@firstbox=\box56
\@tempa=\box57
\@tempa=\box58
\@tempa=\box59
\@tempa=\box60
\@tempa=\box61
\@tempa=\box62
\@tempa=\box63
\@tempa=\box64
\@tempa=\box65
\@tempa=\box66
\@tempa=\box67
\@tempa=\box68
\@tempa=\box69
\@tempa=\box70
\@tempa=\box71
\@tempa=\box72
\@tempa=\box73
\@tempa=\box74
\@tempa=\box75
\@tempa=\box76
\@tempa=\box77
\@tempa=\box78
\@tempa=\box79
\@tempa=\box80
\@tempa=\box81
\@tempa=\box82
\@tempa=\box83
\@tempa=\box84
\@tempa=\box85
\@tempa=\box86
\@tempa=\box87
\@tempa=\box88
\@tempa=\box89
\@tempa=\box90
\@tempa=\box91
\@tempa=\box92
\@tempa=\box93
\c@minrows=\count266
\c@columnbadness=\count267
\c@finalcolumnbadness=\count268
\last@try=\dimen159
\multicolovershoot=\dimen160
\multicolundershoot=\dimen161
\mult@nat@firstbox=\box94
\colbreak@box=\box95
\mc@col@check@num=\count269
)
(c:/Programme/Textverarbeitung/TexLive/2019/texmf-dist/tex/latex/graphics/graph
icx.sty
Package: graphicx 2019/11/30 v1.2a Enhanced LaTeX Graphics (DPC,SPQR)

(c:/Programme/Textverarbeitung/TexLive/2019/texmf-dist/tex/latex/graphics/graph
ics.sty
Package: graphics 2019/11/30 v1.4a Standard LaTeX Graphics (DPC,SPQR)

(c:/Programme/Textverarbeitung/TexLive/2019/texmf-dist/tex/latex/graphics/trig.
sty
Package: trig 2016/01/03 v1.10 sin cos tan (DPC)
)
(c:/Programme/Textverarbeitung/TexLive/2019/texmf-dist/tex/latex/graphics-cfg/g
raphics.cfg
File: graphics.cfg 2016/06/04 v1.11 sample graphics configuration
)
Package graphics Info: Driver file: pdftex.def on input line 105.
)
\Gin@req@height=\dimen162
\Gin@req@width=\dimen163
) (./sphinxlatexgraphics.sty
File: sphinxlatexgraphics.sty 2021/01/27 graphics
\spx@image@maxheight=\dimen164
\spx@image@box=\box96
) (./sphinxlatexadmonitions.sty
File: sphinxlatexadmonitions.sty 2021/01/27 admonitions

(c:/Programme/Textverarbeitung/TexLive/2019/texmf-dist/tex/latex/framed/framed.
sty
Package: framed 2011/10/22 v 0.96: framed or shaded text with page breaks
\OuterFrameSep=\skip61
\fb@frw=\dimen165
\fb@frh=\dimen166
\FrameRule=\dimen167
\FrameSep=\dimen168
)) (./sphinxlatexliterals.sty
File: sphinxlatexliterals.sty 2021/12/06 code-blocks and parsed literals

(c:/Programme/Textverarbeitung/TexLive/2019/texmf-dist/tex/latex/fancyvrb/fancy
vrb.sty
Package: fancyvrb 2020/01/13 v3.5 verbatim text (tvz,hv)
\FV@CodeLineNo=\count270
\FV@InFile=\read3
\FV@TabBox=\box97
\c@FancyVerbLine=\count271
\FV@StepNumber=\count272
\FV@OutFile=\write3
)
(c:/Programme/Textverarbeitung/TexLive/2019/texmf-dist/tex/latex/base/alltt.sty
Package: alltt 1997/06/16 v2.0g defines alltt environment
)
(c:/Programme/Textverarbeitung/TexLive/2019/texmf-dist/tex/latex/upquote/upquot
e.sty
Package: upquote 2012/04/19 v1.3 upright-quote and grave-accent glyphs in verba
tim
)
(c:/Programme/Textverarbeitung/TexLive/2019/texmf-dist/tex/latex/needspace/need
space.sty
Package: needspace 2010/09/12 v1.3d reserve vertical space
)
\sphinxcontinuationbox=\box98
\sphinxvisiblespacebox=\box99
\sphinxVerbatim@TitleBox=\box100
\sphinxVerbatim@ContentsBox=\box101
\spx@scratchbox=\box102
) (./sphinxlatexshadowbox.sty
File: sphinxlatexshadowbox.sty 2021/01/27 sphinxShadowBox
) (./sphinxlatexcontainers.sty
File: sphinxlatexcontainers.sty 2021/05/03 containers
)
(./sphinxhighlight.sty
Package: sphinxhighlight 2016/05/29 stylesheet for highlighting with pygments
) (./sphinxlatextables.sty
File: sphinxlatextables.sty 2021/01/27 tables

(c:/Programme/Textverarbeitung/TexLive/2019/texmf-dist/tex/latex/tabulary/tabul
ary.sty
Package: tabulary 2014/06/11 v0.10 tabulary package (DPC)

(c:/Programme/Textverarbeitung/TexLive/2019/texmf-dist/tex/latex/tools/array.st
y
Package: array 2019/08/31 v2.4l Tabular extension package (FMi)
\col@sep=\dimen169
\ar@mcellbox=\box103
\extrarowheight=\dimen170
\NC@list=\toks26
\extratabsurround=\skip62
\backup@length=\skip63
\ar@cellbox=\box104
)
\TY@count=\count273
\TY@linewidth=\dimen171
\tymin=\dimen172
\tymax=\dimen173
\TY@tablewidth=\dimen174
)
(c:/Programme/Textverarbeitung/TexLive/2019/texmf-dist/tex/latex/tools/longtabl
e.sty
Package: longtable 2020/01/07 v4.13 Multi-page Table package (DPC)
\LTleft=\skip64
\LTright=\skip65
\LTpre=\skip66
\LTpost=\skip67
\LTchunksize=\count274
\LTcapwidth=\dimen175
\LT@head=\box105
\LT@firsthead=\box106
\LT@foot=\box107
\LT@lastfoot=\box108
\LT@cols=\count275
\LT@rows=\count276
\c@LT@tables=\count277
\c@LT@chunks=\count278
\LT@p@ftn=\toks27
)
(c:/Programme/Textverarbeitung/TexLive/2019/texmf-dist/tex/latex/varwidth/varwi
dth.sty
Package: varwidth 2009/03/30 ver 0.92;  Variable-width minipages
\@vwid@box=\box109
\sift@deathcycles=\count279
\@vwid@loff=\dimen176
\@vwid@roff=\dimen177
)
\sphinx@TY@tablewidth=\dimen178
) (./sphinxlatexnumfig.sty
File: sphinxlatexnumfig.sty 2021/01/27 numbering
) (./sphinxlatexlists.sty
File: sphinxlatexlists.sty 2021/12/20 lists
\spx@lineitemlabel=\toks28
)
\c@sphinxscope=\count280

(./sphinxpackagefootnote.sty
Package: sphinxpackagefootnote 2022/02/12 v4.5.0 Sphinx custom footnotehyper pa
ckage (Sphinx team)
\FNH@notes=\box110
\FNH@toks=\toks29
\FNH@width=\dimen179
\c@sphinxfootnotemark=\count281
) (./sphinxlatexindbibtoc.sty
File: sphinxlatexindbibtoc.sty 2021/01/27 index, bib., toc

(c:/Programme/Textverarbeitung/TexLive/2019/texmf-dist/tex/latex/base/makeidx.s
ty
Package: makeidx 2014/09/29 v1.0m Standard LaTeX package
)) (./sphinxlatexstylepage.sty
File: sphinxlatexstylepage.sty 2021/01/27 page styling

(c:/Programme/Textverarbeitung/TexLive/2019/texmf-dist/tex/latex/parskip/parski
p.sty
Rollback for package 'parskip' requested -> version 'v1'.
         This corresponds to the release introduced on 2001-04-09.

(c:/Programme/Textverarbeitung/TexLive/2019/texmf-dist/tex/latex/parskip/parski
p-2001-04-09.sty
Package: parskip 2001/04/09 non-zero parskip adjustments
))
(c:/Programme/Textverarbeitung/TexLive/2019/texmf-dist/tex/latex/fancyhdr/fancy
hdr.sty
Package: fancyhdr 2019/01/31 v3.10 Extensive control of page headers and footer
s
\f@nch@headwidth=\skip68
\f@nch@O@elh=\skip69
\f@nch@O@erh=\skip70
\f@nch@O@olh=\skip71
\f@nch@O@orh=\skip72
\f@nch@O@elf=\skip73
\f@nch@O@erf=\skip74
\f@nch@O@olf=\skip75
\f@nch@O@orf=\skip76
)) (./sphinxlatexstyleheadings.sty
File: sphinxlatexstyleheadings.sty 2021/01/27 headings

(c:/Programme/Textverarbeitung/TexLive/2019/texmf-dist/tex/latex/titlesec/title
sec.sty
Package: titlesec 2019/10/16 v2.13 Sectioning titles
\ttl@box=\box111
\beforetitleunit=\skip77
\aftertitleunit=\skip78
\ttl@plus=\dimen180
\ttl@minus=\dimen181
\ttl@toksa=\toks30
\titlewidth=\dimen182
\titlewidthlast=\dimen183
\titlewidthfirst=\dimen184
)) (./sphinxlatexstyletext.sty
File: sphinxlatexstyletext.sty 2021/12/06 text styling
) (./sphinxlatexobjects.sty
File: sphinxlatexobjects.sty 2022/01/13 documentation environments
\sphinxsignaturesep=\skip79
\py@argswidth=\skip80
\lineblockindentation=\skip81
\DUlineblockindent=\skip82
))
(c:/Programme/Textverarbeitung/TexLive/2019/texmf-dist/tex/latex/geometry/geome
try.sty
Package: geometry 2020/01/02 v5.9 Page Geometry

(c:/Programme/Textverarbeitung/TexLive/2019/texmf-dist/tex/generic/iftex/ifvtex
.sty
Package: ifvtex 2019/10/25 v1.7 ifvtex legacy package. Use iftex instead.

(c:/Programme/Textverarbeitung/TexLive/2019/texmf-dist/tex/generic/iftex/iftex.
sty
Package: iftex 2019/11/07 v1.0c TeX engine tests
))
\Gm@cnth=\count282
\Gm@cntv=\count283
\c@Gm@tempcnt=\count284
\Gm@bindingoffset=\dimen185
\Gm@wd@mp=\dimen186
\Gm@odd@mp=\dimen187
\Gm@even@mp=\dimen188
\Gm@layoutwidth=\dimen189
\Gm@layoutheight=\dimen190
\Gm@layouthoffset=\dimen191
\Gm@layoutvoffset=\dimen192
\Gm@dimlist=\toks31
)
(c:/Programme/Textverarbeitung/TexLive/2019/texmf-dist/tex/latex/hyperref/hyper
ref.sty
Package: hyperref 2020/01/14 v7.00d Hypertext links for LaTeX

(c:/Programme/Textverarbeitung/TexLive/2019/texmf-dist/tex/latex/pdftexcmds/pdf
texcmds.sty
Package: pdftexcmds 2019/11/24 v0.31 Utility functions of pdfTeX for LuaTeX (HO
)

(c:/Programme/Textverarbeitung/TexLive/2019/texmf-dist/tex/generic/infwarerr/in
fwarerr.sty
Package: infwarerr 2019/12/03 v1.5 Providing info/warning/error messages (HO)
)
Package pdftexcmds Info: \pdf@primitive is available.
Package pdftexcmds Info: \pdf@ifprimitive is available.
Package pdftexcmds Info: \pdfdraftmode found.
)
(c:/Programme/Textverarbeitung/TexLive/2019/texmf-dist/tex/generic/kvdefinekeys
/kvdefinekeys.sty
Package: kvdefinekeys 2019-12-19 v1.6 Define keys (HO)
)
(c:/Programme/Textverarbeitung/TexLive/2019/texmf-dist/tex/generic/pdfescape/pd
fescape.sty
Package: pdfescape 2019/12/09 v1.15 Implements pdfTeX's escape features (HO)
)
(c:/Programme/Textverarbeitung/TexLive/2019/texmf-dist/tex/latex/hycolor/hycolo
r.sty
Package: hycolor 2020-01-27 v1.10 Color options for hyperref/bookmark (HO)
)
(c:/Programme/Textverarbeitung/TexLive/2019/texmf-dist/tex/latex/letltxmacro/le
tltxmacro.sty
Package: letltxmacro 2019/12/03 v1.6 Let assignment for LaTeX macros (HO)
)
(c:/Programme/Textverarbeitung/TexLive/2019/texmf-dist/tex/latex/auxhook/auxhoo
k.sty
Package: auxhook 2019-12-17 v1.6 Hooks for auxiliary files (HO)
)
\@linkdim=\dimen193
\Hy@linkcounter=\count285
\Hy@pagecounter=\count286

(c:/Programme/Textverarbeitung/TexLive/2019/texmf-dist/tex/latex/hyperref/pd1en
c.def
File: pd1enc.def 2020/01/14 v7.00d Hyperref: PDFDocEncoding definition (HO)
Now handling font encoding PD1 ...
... no UTF-8 mapping file for font encoding PD1
)
(c:/Programme/Textverarbeitung/TexLive/2019/texmf-dist/tex/generic/intcalc/intc
alc.sty
Package: intcalc 2019/12/15 v1.3 Expandable calculations with integers (HO)
)
(c:/Programme/Textverarbeitung/TexLive/2019/texmf-dist/tex/generic/etexcmds/ete
xcmds.sty
Package: etexcmds 2019/12/15 v1.7 Avoid name clashes with e-TeX commands (HO)
)
\Hy@SavedSpaceFactor=\count287
\pdfmajorversion=\count288
Package hyperref Info: Option `unicode' set `true' on input line 4421.

(c:/Programme/Textverarbeitung/TexLive/2019/texmf-dist/tex/latex/hyperref/puenc
.def
File: puenc.def 2020/01/14 v7.00d Hyperref: PDF Unicode definition (HO)
Now handling font encoding PU ...
... no UTF-8 mapping file for font encoding PU
)
Package hyperref Info: Option `colorlinks' set `true' on input line 4421.
Package hyperref Info: Option `breaklinks' set `true' on input line 4421.
Package hyperref Info: Hyper figures OFF on input line 4547.
Package hyperref Info: Link nesting OFF on input line 4552.
Package hyperref Info: Hyper index ON on input line 4555.
Package hyperref Info: Plain pages OFF on input line 4562.
Package hyperref Info: Backreferencing OFF on input line 4567.
Package hyperref Info: Implicit mode ON; LaTeX internals redefined.
Package hyperref Info: Bookmarks ON on input line 4800.
\c@Hy@tempcnt=\count289

(c:/Programme/Textverarbeitung/TexLive/2019/texmf-dist/tex/latex/url/url.sty
\Urlmuskip=\muskip17
Package: url 2013/09/16  ver 3.4  Verb mode for urls, etc.
)
LaTeX Info: Redefining \url on input line 5159.
\XeTeXLinkMargin=\dimen194

(c:/Programme/Textverarbeitung/TexLive/2019/texmf-dist/tex/generic/bitset/bitse
t.sty
Package: bitset 2019/12/09 v1.3 Handle bit-vector datatype (HO)

(c:/Programme/Textverarbeitung/TexLive/2019/texmf-dist/tex/generic/bigintcalc/b
igintcalc.sty
Package: bigintcalc 2019/12/15 v1.5 Expandable calculations on big integers (HO
)
))
\Fld@menulength=\count290
\Field@Width=\dimen195
\Fld@charsize=\dimen196
Package hyperref Info: Hyper figures OFF on input line 6430.
Package hyperref Info: Link nesting OFF on input line 6435.
Package hyperref Info: Hyper index ON on input line 6438.
Package hyperref Info: backreferencing OFF on input line 6445.
Package hyperref Info: Link coloring ON on input line 6448.
Package hyperref Info: Link coloring with OCG OFF on input line 6455.
Package hyperref Info: PDF/A mode OFF on input line 6460.
LaTeX Info: Redefining \ref on input line 6500.
LaTeX Info: Redefining \pageref on input line 6504.

(c:/Programme/Textverarbeitung/TexLive/2019/texmf-dist/tex/generic/atbegshi/atb
egshi.sty
Package: atbegshi 2019/12/05 v1.19 At begin shipout hook (HO)
)
\Hy@abspage=\count291
\c@Item=\count292
\c@Hfootnote=\count293
)
Package hyperref Info: Driver (autodetected): hpdftex.

(c:/Programme/Textverarbeitung/TexLive/2019/texmf-dist/tex/latex/hyperref/hpdft
ex.def
File: hpdftex.def 2020/01/14 v7.00d Hyperref driver for pdfTeX

(c:/Programme/Textverarbeitung/TexLive/2019/texmf-dist/tex/latex/atveryend/atve
ryend.sty
Package: atveryend 2019-12-11 v1.11 Hooks at the very end of document (HO)
Package atveryend Info: \enddocument detected (standard20110627).
)
\Fld@listcount=\count294
\c@bookmark@seq@number=\count295

(c:/Programme/Textverarbeitung/TexLive/2019/texmf-dist/tex/latex/rerunfilecheck
/rerunfilecheck.sty
Package: rerunfilecheck 2019/12/05 v1.9 Rerun checks for auxiliary files (HO)

(c:/Programme/Textverarbeitung/TexLive/2019/texmf-dist/tex/generic/uniquecounte
r/uniquecounter.sty
Package: uniquecounter 2019/12/15 v1.4 Provide unlimited unique counter (HO)
)
Package uniquecounter Info: New unique counter `rerunfilecheck' on input line 2
86.
)
\Hy@SectionHShift=\skip83
)
(c:/Programme/Textverarbeitung/TexLive/2019/texmf-dist/tex/latex/oberdiek/hypca
p.sty
Package: hypcap 2016/05/16 v1.12 Adjusting the anchors of captions (HO)
) (./sphinxmessages.sty
Package: sphinxmessages 2019/01/04 v2.0 Localized LaTeX macros (Sphinx team)
)
\@indexfile=\write4
\openout4 = `medextractor.idx'.


Writing index file medextractor.idx

(c:/Programme/Textverarbeitung/TexLive/2019/texmf-dist/tex/latex/l3backend/l3ba
ckend-pdfmode.def
File: l3backend-pdfmode.def 2020-02-23 L3 backend support: PDF mode
\l__kernel_color_stack_int=\count296
\l__pdf_internal_box=\box112
) (./medextractor.aux)
\openout1 = `medextractor.aux'.

LaTeX Font Info:    Checking defaults for OML/cmm/m/it on input line 70.
LaTeX Font Info:    ... okay on input line 70.
LaTeX Font Info:    Checking defaults for OMS/cmsy/m/n on input line 70.
LaTeX Font Info:    ... okay on input line 70.
LaTeX Font Info:    Checking defaults for OT1/cmr/m/n on input line 70.
LaTeX Font Info:    ... okay on input line 70.
LaTeX Font Info:    Checking defaults for T1/cmr/m/n on input line 70.
LaTeX Font Info:    ... okay on input line 70.
LaTeX Font Info:    Checking defaults for TS1/cmr/m/n on input line 70.
LaTeX Font Info:    ... okay on input line 70.
LaTeX Font Info:    Checking defaults for OMX/cmex/m/n on input line 70.
LaTeX Font Info:    ... okay on input line 70.
LaTeX Font Info:    Checking defaults for U/cmr/m/n on input line 70.
LaTeX Font Info:    ... okay on input line 70.
LaTeX Font Info:    Checking defaults for PD1/pdf/m/n on input line 70.
LaTeX Font Info:    ... okay on input line 70.
LaTeX Font Info:    Checking defaults for PU/pdf/m/n on input line 70.
LaTeX Font Info:    ... okay on input line 70.
LaTeX Font Info:    Trying to load font information for T1+qtm on input line 70
.

(c:/Programme/Textverarbeitung/TexLive/2019/texmf-dist/tex/latex/tex-gyre/t1qtm
.fd
File: t1qtm.fd 2009/09/25 v1.2 font definition file for T1/qtm
)
(c:/Programme/Textverarbeitung/TexLive/2019/texmf-dist/tex/context/base/mkii/su
pp-pdf.mkii
[Loading MPS to PDF converter (version 2006.09.02).]
\scratchcounter=\count297
\scratchdimen=\dimen197
\scratchbox=\box113
\nofMPsegments=\count298
\nofMParguments=\count299
\everyMPshowfont=\toks32
\MPscratchCnt=\count300
\MPscratchDim=\dimen198
\MPnumerator=\count301
\makeMPintoPDFobject=\count302
\everyMPtoPDFconversion=\toks33
)
(c:/Programme/Textverarbeitung/TexLive/2019/texmf-dist/tex/latex/epstopdf-pkg/e
pstopdf-base.sty
Package: epstopdf-base 2020-01-24 v2.11 Base part for package epstopdf
Package epstopdf-base Info: Redefining graphics rule for `.eps' on input line 4
85.

(c:/Programme/Textverarbeitung/TexLive/2019/texmf-dist/tex/latex/latexconfig/ep
stopdf-sys.cfg
File: epstopdf-sys.cfg 2010/07/13 v1.3 Configuration of (r)epstopdf for TeX Liv
e
))
\c@literalblock=\count303

*geometry* driver: auto-detecting
*geometry* detected driver: pdftex
*geometry* verbose mode - [ preamble ] result:
* driver: pdftex
* paper: letterpaper
* layout: <same size as paper>
* layoutoffset:(h,v)=(0.0pt,0.0pt)
* modes: twoside 
* h-part:(L,W,R)=(72.26999pt, 469.75502pt, 72.26999pt)
* v-part:(T,H,B)=(72.26999pt, 650.43001pt, 72.26999pt)
* \paperwidth=614.295pt
* \paperheight=794.96999pt
* \textwidth=469.75502pt
* \textheight=650.43001pt
* \oddsidemargin=0.0pt
* \evensidemargin=0.0pt
* \topmargin=-37.0pt
* \headheight=12.0pt
* \headsep=25.0pt
* \topskip=10.0pt
* \footskip=30.0pt
* \marginparwidth=36.135pt
* \marginparsep=11.0pt
* \columnsep=10.0pt
* \skip\footins=9.0pt plus 4.0pt minus 2.0pt
* \hoffset=0.0pt
* \voffset=0.0pt
* \mag=1000
* \@twocolumnfalse
* \@twosidetrue
* \@mparswitchtrue
* \@reversemarginfalse
* (1in=72.27pt=25.4mm, 1cm=28.453pt)

\AtBeginShipoutBox=\box114
Package hyperref Info: Link coloring ON on input line 70.

(c:/Programme/Textverarbeitung/TexLive/2019/texmf-dist/tex/latex/hyperref/namer
ef.sty
Package: nameref 2019/09/16 v2.46 Cross-referencing by name of section

(c:/Programme/Textverarbeitung/TexLive/2019/texmf-dist/tex/latex/refcount/refco
unt.sty
Package: refcount 2019/12/15 v3.6 Data extraction from label references (HO)
)
(c:/Programme/Textverarbeitung/TexLive/2019/texmf-dist/tex/generic/gettitlestri
ng/gettitlestring.sty
Package: gettitlestring 2019/12/15 v1.6 Cleanup title references (HO)
)
\c@section@level=\count304
)
LaTeX Info: Redefining \ref on input line 70.
LaTeX Info: Redefining \pageref on input line 70.
LaTeX Info: Redefining \nameref on input line 70.
 (./medextractor.out) (./medextractor.out)
\@outlinefile=\write5
\openout5 = `medextractor.out'.

Package hyperref Info: Option `pageanchor' set `false' on input line 78.
LaTeX Font Info:    Trying to load font information for T1+qhv on input line 78
.

(c:/Programme/Textverarbeitung/TexLive/2019/texmf-dist/tex/latex/tex-gyre/t1qhv
.fd
File: t1qhv.fd 2009/09/25 v1.2 font definition file for T1/qhv
)<<ot1.cmap>><<oml.cmap>><<oms.cmap>><<omx.cmap>>
LaTeX Font Info:    Trying to load font information for U+msa on input line 78.


(c:/Programme/Textverarbeitung/TexLive/2019/texmf-dist/tex/latex/amsfonts/umsa.
fd
File: umsa.fd 2013/01/14 v3.01 AMS symbols A
)
LaTeX Font Info:    Trying to load font information for U+msb on input line 78.


(c:/Programme/Textverarbeitung/TexLive/2019/texmf-dist/tex/latex/amsfonts/umsb.
fd
File: umsb.fd 2013/01/14 v3.01 AMS symbols B
) [1

{c:/Programme/Textverarbeitung/TexLive/2019/texmf-var/fonts/map/pdftex/updmap/p
dftex.map}] [2


] (./medextractor.toc)
\tf@toc=\write6
\openout6 = `medextractor.toc'.

 [1

] [2

] [1] [2

]
Chapter 1.
[3] [4

]
Chapter 2.
[5] [6

]
Chapter 3.
[7] [8

]
Chapter 4.
LaTeX Font Info:    Trying to load font information for TS1+qtm on input line 1
88.

(c:/Programme/Textverarbeitung/TexLive/2019/texmf-dist/tex/latex/tex-gyre/ts1qt
m.fd
File: ts1qtm.fd 2009/09/25 v1.2 font definition file for TS1/qtm
)
LaTeX Font Info:    Trying to load font information for T1+txtt on input line 1
92.

(c:/Programme/Textverarbeitung/TexLive/2019/texmf-dist/tex/latex/txfonts/t1txtt
.fd
File: t1txtt.fd 2000/12/15 v3.1
) [9] [10

]
Chapter 5.
[11] [12

]
Chapter 6.
LaTeX Font Info:    Font shape `T1/txtt/b/n' in size <10> not available
(Font)              Font shape `T1/txtt/bx/n' tried instead on input line 262.
LaTeX Font Info:    Font shape `T1/txtt/m/it' in size <10> not available
(Font)              Font shape `T1/txtt/m/sl' tried instead on input line 265.
[13] [14] [15] [16] [17] [18]
Chapter 7.
[19

] [20

]
Overfull \hbox (45.6217pt too wide) in paragraph at lines 1150--1151
[]\T1/txtt/m/n/10 medextractor.knowledge_extractor.knowledge_extractor\T1/qtm/m
/n/10 ,
 []

[21


] (./medextractor.ind [22


]
Underfull \hbox (badness 10000) in paragraph at lines 8--10
[]\T1/txtt/m/n/10 add_disease() \T1/qtm/m/n/10 (\T1/qtm/m/it/10 medex-trac-
 []


Underfull \hbox (badness 10000) in paragraph at lines 10--12
[]\T1/txtt/m/n/10 add_relation() \T1/qtm/m/n/10 (\T1/qtm/m/it/10 medex-trac-
 []


Underfull \hbox (badness 10000) in paragraph at lines 10--12
\T1/qtm/m/it/10 tor.knowledge.base.KnowledgeBase method\T1/qtm/m/n/10 ),
 []


Underfull \hbox (badness 10000) in paragraph at lines 12--14
[]\T1/txtt/m/n/10 add_symptom() \T1/qtm/m/n/10 (\T1/qtm/m/it/10 in mod-ule mede
x-trac-
 []


Underfull \hbox (badness 10000) in paragraph at lines 14--16
[]\T1/txtt/m/n/10 add_symptom() \T1/qtm/m/n/10 (\T1/qtm/m/it/10 medex-trac-
 []


Underfull \hbox (badness 10000) in paragraph at lines 16--18
\T1/qtm/m/it/10 tor.knowledge.base.KnowledgeBase method\T1/qtm/m/n/10 ),
 []


Underfull \hbox (badness 10000) in paragraph at lines 18--20
[]\T1/txtt/m/n/10 add_training_sample() \T1/qtm/m/n/10 (\T1/qtm/m/it/10 medex-t
rac-
 []


Underfull \hbox (badness 10000) in paragraph at lines 18--20
\T1/qtm/m/it/10 tor.knowledge.semantics.SemanticRelation
 []


Overfull \hbox (118.68233pt too wide) in paragraph at lines 23--25
[]\T1/txtt/m/n/10 call2() \T1/qtm/m/n/10 (\T1/qtm/m/it/10 medex-trac-tor.knowle
dge_extractor.knowledge_extractor.KnowledgeExtractor
 []


Underfull \hbox (badness 10000) in paragraph at lines 25--26
[]\T1/txtt/m/n/10 ConfigManager \T1/qtm/m/n/10 (\T1/qtm/m/it/10 class in medex-
trac-
 []


Underfull \hbox (badness 10000) in paragraph at lines 26--28
[]\T1/txtt/m/n/10 contains_training_sample() \T1/qtm/m/n/10 (\T1/qtm/m/it/10 me
dex-trac-
 []


Underfull \hbox (badness 10000) in paragraph at lines 26--28
\T1/qtm/m/it/10 tor.knowledge.semantics.SemanticRelation
 []


Underfull \hbox (badness 10000) in paragraph at lines 33--35
[]\T1/txtt/m/n/10 DummyKnowledgeExtractor \T1/qtm/m/n/10 (\T1/qtm/m/it/10 class
 in medex-trac-
 []


Underfull \hbox (badness 10000) in paragraph at lines 35--36
[]\T1/txtt/m/n/10 DummyPreprocessor \T1/qtm/m/n/10 (\T1/qtm/m/it/10 class in me
dex-trac-
 []


Underfull \hbox (badness 10000) in paragraph at lines 36--37
[]\T1/txtt/m/n/10 DummyRDFSerialiser \T1/qtm/m/n/10 (\T1/qtm/m/it/10 class in m
edex-trac-
 []


Underfull \hbox (badness 10000) in paragraph at lines 42--44
[]\T1/txtt/m/n/10 export_for_entity_linker() \T1/qtm/m/n/10 (\T1/qtm/m/it/10 me
dex-trac-
 []


Underfull \hbox (badness 10000) in paragraph at lines 42--44
\T1/qtm/m/it/10 tor.knowledge.base.KnowledgeBase method\T1/qtm/m/n/10 ),
 []


Underfull \hbox (badness 10000) in paragraph at lines 44--46
[]\T1/txtt/m/n/10 export_for_entity_linker() \T1/qtm/m/n/10 (\T1/qtm/m/it/10 me
dex-trac-
 []


Overfull \hbox (75.53242pt too wide) in paragraph at lines 44--46
\T1/qtm/m/it/10 tor.knowledge_extractor.knowledge_extractor.KnowledgeExtractor
 []


Underfull \hbox (badness 10000) in paragraph at lines 49--51
[]\T1/txtt/m/n/10 get_knowledge_base() \T1/qtm/m/n/10 (\T1/qtm/m/it/10 medex-tr
ac-
 []


Underfull \hbox (badness 10000) in paragraph at lines 49--51
\T1/qtm/m/it/10 tor.dummy.dummy.DummyKnowledgeExtractor
 []


Underfull \hbox (badness 10000) in paragraph at lines 51--53
[]\T1/txtt/m/n/10 get_knowledge_base() \T1/qtm/m/n/10 (\T1/qtm/m/it/10 medex-tr
ac-
 []


Overfull \hbox (25.10245pt too wide) in paragraph at lines 51--53
\T1/qtm/m/it/10 tor.interfaces.interfaces.KnowledgeExtractorInterface
 []


Underfull \hbox (badness 10000) in paragraph at lines 53--55
[]\T1/txtt/m/n/10 get_knowledge_base() \T1/qtm/m/n/10 (\T1/qtm/m/it/10 medex-tr
ac-
 []


Overfull \hbox (75.53242pt too wide) in paragraph at lines 53--55
\T1/qtm/m/it/10 tor.knowledge_extractor.knowledge_extractor.KnowledgeExtractor
 []


Underfull \hbox (badness 10000) in paragraph at lines 55--57
[]\T1/txtt/m/n/10 get_preprocessed_text() \T1/qtm/m/n/10 (\T1/qtm/m/it/10 medex
-trac-
 []


Underfull \hbox (badness 10000) in paragraph at lines 55--57
\T1/qtm/m/it/10 tor.dummy.dummy.DummyPreprocessor
 []


Underfull \hbox (badness 10000) in paragraph at lines 57--59
[]\T1/txtt/m/n/10 get_preprocessed_text() \T1/qtm/m/n/10 (\T1/qtm/m/it/10 medex
-trac-
 []


Underfull \hbox (badness 10000) in paragraph at lines 59--61
[]\T1/txtt/m/n/10 get_preprocessed_text() \T1/qtm/m/n/10 (\T1/qtm/m/it/10 medex
-trac-
 []


Overfull \hbox (27.63246pt too wide) in paragraph at lines 59--61
\T1/qtm/m/it/10 tor.preprocessor.preprocessor.RuleBasedPreprocessor
 []


Underfull \hbox (badness 10000) in paragraph at lines 61--63
[]\T1/txtt/m/n/10 get_serialized_graph() \T1/qtm/m/n/10 (\T1/qtm/m/it/10 medex-
trac-
 []


Underfull \hbox (badness 10000) in paragraph at lines 63--65
[]\T1/txtt/m/n/10 give_entities() \T1/qtm/m/n/10 (\T1/qtm/m/it/10 medex-trac-
 []


Underfull \hbox (badness 10000) in paragraph at lines 63--65
\T1/qtm/m/it/10 tor.knowledge.base.KnowledgeBase method\T1/qtm/m/n/10 ),
 []


Underfull \hbox (badness 10000) in paragraph at lines 65--66
[]\T1/txtt/m/n/10 GraphManager \T1/qtm/m/n/10 (\T1/qtm/m/it/10 class in medex-t
rac-
 []


Underfull \hbox (badness 10000) in paragraph at lines 69--71
[]\T1/txtt/m/n/10 has_relation() \T1/qtm/m/n/10 (\T1/qtm/m/it/10 medex-trac-
 []


Underfull \hbox (badness 10000) in paragraph at lines 69--71
\T1/qtm/m/it/10 tor.knowledge.base.KnowledgeBase method\T1/qtm/m/n/10 ),
 []


Underfull \hbox (badness 10000) in paragraph at lines 71--73
[]\T1/txtt/m/n/10 HAS_SYMPTOM \T1/qtm/m/n/10 (\T1/qtm/m/it/10 medex-trac-
 []


Underfull \hbox (badness 10000) in paragraph at lines 76--78
[]\T1/txtt/m/n/10 IS_SYMPTOM_OF \T1/qtm/m/n/10 (\T1/qtm/m/it/10 medex-trac-
 []

[23

]
Underfull \hbox (badness 10000) in paragraph at lines 82--84
[]\T1/txtt/m/n/10 knowledgebase_to_graph() \T1/qtm/m/n/10 (\T1/qtm/m/it/10 mede
x-trac-
 []


Underfull \hbox (badness 10000) in paragraph at lines 82--84
\T1/qtm/m/it/10 tor.rdf.RDFSerialiser.RDFSerialiser method\T1/qtm/m/n/10 ),
 []


Underfull \hbox (badness 10000) in paragraph at lines 84--86
[]\T1/txtt/m/n/10 KnowledgeExtractor \T1/qtm/m/n/10 (\T1/qtm/m/it/10 class in m
edex-trac-
 []


Underfull \hbox (badness 10000) in paragraph at lines 84--86
\T1/qtm/m/it/10 tor.knowledge_extractor.knowledge_extractor\T1/qtm/m/n/10 ),
 []


Underfull \hbox (badness 10000) in paragraph at lines 91--93
[]\T1/txtt/m/n/10 load() \T1/qtm/m/n/10 (\T1/qtm/m/it/10 medex-trac-tor.knowled
ge.base.KnowledgeBase
 []


Underfull \hbox (badness 10000) in paragraph at lines 93--94
[]\T1/txtt/m/n/10 load() \T1/qtm/m/n/10 (\T1/qtm/m/it/10 medex-trac-tor.ruler_c
reator.RulerCreator
 []


Overfull \hbox (43.1217pt too wide) in paragraph at lines 121--122
[]\T1/txtt/m/n/10 medextractor.knowledge_extractor.knowledge_extractor 
 []


Overfull \hbox (65.6217pt too wide) in paragraph at lines 150--151
[]| \T1/txtt/m/n/10 medextractor.knowledge_extractor.knowledge_extractor\T1/qtm
/m/n/10 ,
 []


Underfull \hbox (badness 10000) in paragraph at lines 153--154
[]| \T1/txtt/m/n/10 medextractor.preprocessor.preprocessor\T1/qtm/m/n/10 ,
 []


Underfull \hbox (badness 10000) in paragraph at lines 161--163
[]\T1/txtt/m/n/10 NO_RELATION \T1/qtm/m/n/10 (\T1/qtm/m/it/10 medex-trac-
 []


Underfull \hbox (badness 10000) in paragraph at lines 166--168
[]\T1/txtt/m/n/10 PreprocessingInterface \T1/qtm/m/n/10 (\T1/qtm/m/it/10 class 
in medex-trac-
 []


Underfull \hbox (badness 10000) in paragraph at lines 168--170
[]\T1/txtt/m/n/10 process_texts() \T1/qtm/m/n/10 (\T1/qtm/m/it/10 medex-trac-
 []


Overfull \hbox (75.53242pt too wide) in paragraph at lines 168--170
\T1/qtm/m/it/10 tor.knowledge_extractor.knowledge_extractor.KnowledgeExtractor
 []


Underfull \hbox (badness 10000) in paragraph at lines 170--172
[]\T1/txtt/m/n/10 pysbd_sentence_boundaries() \T1/qtm/m/n/10 (\T1/qtm/m/it/10 m
edex-trac-
 []


Overfull \hbox (27.63246pt too wide) in paragraph at lines 170--172
\T1/qtm/m/it/10 tor.preprocessor.preprocessor.RuleBasedPreprocessor
 []


Underfull \hbox (badness 10000) in paragraph at lines 175--176
[]\T1/txtt/m/n/10 RDFSerialiser \T1/qtm/m/n/10 (\T1/qtm/m/it/10 class in medex-
trac-
 []


Underfull \hbox (badness 10000) in paragraph at lines 176--178
[]\T1/txtt/m/n/10 RDFSerialiserInterface \T1/qtm/m/n/10 (\T1/qtm/m/it/10 class 
in medex-trac-
 []

[24]
Underfull \hbox (badness 10000) in paragraph at lines 178--179
[]\T1/txtt/m/n/10 RelationType \T1/qtm/m/n/10 (\T1/qtm/m/it/10 class in medex-t
rac-
 []


Underfull \hbox (badness 10000) in paragraph at lines 179--181
[]\T1/txtt/m/n/10 RuleBasedPreprocessor \T1/qtm/m/n/10 (\T1/qtm/m/it/10 class i
n medex-trac-
 []


Underfull \hbox (badness 10000) in paragraph at lines 185--187
[]\T1/txtt/m/n/10 save() \T1/qtm/m/n/10 (\T1/qtm/m/it/10 medex-trac-tor.knowled
ge.base.KnowledgeBase
 []


Underfull \hbox (badness 10000) in paragraph at lines 187--188
[]\T1/txtt/m/n/10 save() \T1/qtm/m/n/10 (\T1/qtm/m/it/10 medex-trac-tor.ruler_c
reator.RulerCreator
 []


Overfull \hbox (123.93231pt too wide) in paragraph at lines 188--190
[]\T1/txtt/m/n/10 saveKB() \T1/qtm/m/n/10 (\T1/qtm/m/it/10 medex-trac-tor.knowl
edge_extractor.knowledge_extractor.KnowledgeExtractor
 []


Underfull \hbox (badness 10000) in paragraph at lines 190--192
[]\T1/txtt/m/n/10 SemanticRelation \T1/qtm/m/n/10 (\T1/qtm/m/it/10 class in med
ex-trac-
 []


Underfull \hbox (badness 10000) in paragraph at lines 192--194
[]\T1/txtt/m/n/10 serialise_knowledgebase() \T1/qtm/m/n/10 (\T1/qtm/m/it/10 med
ex-trac-
 []


Underfull \hbox (badness 10000) in paragraph at lines 192--194
\T1/qtm/m/it/10 tor.dummy.dummy.DummyRDFSerialiser
 []


Underfull \hbox (badness 10000) in paragraph at lines 194--196
[]\T1/txtt/m/n/10 serialise_knowledgebase() \T1/qtm/m/n/10 (\T1/qtm/m/it/10 med
ex-trac-
 []


Overfull \hbox (1.35248pt too wide) in paragraph at lines 194--196
\T1/qtm/m/it/10 tor.interfaces.interfaces.RDFSerialiserInterface
 []


Underfull \hbox (badness 10000) in paragraph at lines 196--198
[]\T1/txtt/m/n/10 serialise_knowledgebase() \T1/qtm/m/n/10 (\T1/qtm/m/it/10 med
ex-trac-
 []


Underfull \hbox (badness 10000) in paragraph at lines 196--198
\T1/qtm/m/it/10 tor.rdf.RDFSerialiser.RDFSerialiser method\T1/qtm/m/n/10 ),
 []


Underfull \hbox (badness 10000) in paragraph at lines 198--200
[]\T1/txtt/m/n/10 set_context() \T1/qtm/m/n/10 (\T1/qtm/m/it/10 medex-trac-
 []


Overfull \hbox (75.53242pt too wide) in paragraph at lines 198--200
\T1/qtm/m/it/10 tor.knowledge_extractor.knowledge_extractor.KnowledgeExtractor
 []


Underfull \hbox (badness 10000) in paragraph at lines 200--202
[]\T1/txtt/m/n/10 set_serialisation_format() \T1/qtm/m/n/10 (\T1/qtm/m/it/10 me
dex-trac-
 []


Overfull \hbox (1.35248pt too wide) in paragraph at lines 200--202
\T1/qtm/m/it/10 tor.interfaces.interfaces.RDFSerialiserInterface
 []


Underfull \hbox (badness 10000) in paragraph at lines 202--204
[]\T1/txtt/m/n/10 set_serialisation_format() \T1/qtm/m/n/10 (\T1/qtm/m/it/10 me
dex-trac-
 []


Underfull \hbox (badness 10000) in paragraph at lines 202--204
\T1/qtm/m/it/10 tor.rdf.RDFSerialiser.RDFSerialiser method\T1/qtm/m/n/10 ),
 []


Underfull \hbox (badness 10000) in paragraph at lines 209--211
[]\T1/txtt/m/n/10 UNDEFINED \T1/qtm/m/n/10 (\T1/qtm/m/it/10 medex-trac-tor.know
ledge.entity.EntityType
 []

[25

])
Package atveryend Info: Empty hook `BeforeClearDocument' on input line 1162.
Package atveryend Info: Empty hook `AfterLastShipout' on input line 1162.
 (./medextractor.aux)
Package atveryend Info: Executing hook `AtVeryEndDocument' on input line 1162.
Package atveryend Info: Executing hook `AtEndAfterFileList' on input line 1162.

Package rerunfilecheck Info: File `medextractor.out' has not changed.
(rerunfilecheck)             Checksum: D86C63AA908D9A9C93DFCF3DA152649E;8514.
Package atveryend Info: Empty hook `AtVeryVeryEnd' on input line 1162.
 ) 
Here is how much of TeX's memory you used:
 14057 strings out of 480994
 211597 string characters out of 5902830
 487418 words of memory out of 5000000
 29066 multiletter control sequences out of 15000+600000
 583702 words of font info for 65 fonts, out of 8000000 for 9000
 1142 hyphenation exceptions out of 8191
 38i,12n,51p,1017b,558s stack positions out of 5000i,500n,10000p,200000b,80000s
{c:/Programme/Textverarbeitung/TexLive/2019/texmf-dist/fonts/enc/dvips/tex-gy
re/q-ec.enc}{c:/Programme/Textverarbeitung/TexLive/2019/texmf-dist/fonts/enc/dv
ips/tex-gyre/q-ts1.enc}<c:/Programme/Textverarbeitung/TexLive/2019/texmf-dist/f
onts/type1/public/amsfonts/cm/cmsy10.pfb><c:/Programme/Textverarbeitung/TexLive
/2019/texmf-dist/fonts/type1/public/tex-gyre/qhvb.pfb><c:/Programme/Textverarbe
itung/TexLive/2019/texmf-dist/fonts/type1/public/tex-gyre/qhvbi.pfb><c:/Program
me/Textverarbeitung/TexLive/2019/texmf-dist/fonts/type1/public/tex-gyre/qhvr.pf
b><c:/Programme/Textverarbeitung/TexLive/2019/texmf-dist/fonts/type1/public/tex
-gyre/qtmb.pfb><c:/Programme/Textverarbeitung/TexLive/2019/texmf-dist/fonts/typ
e1/public/tex-gyre/qtmr.pfb><c:/Programme/Textverarbeitung/TexLive/2019/texmf-d
ist/fonts/type1/public/tex-gyre/qtmri.pfb><c:/Programme/Textverarbeitung/TexLiv
e/2019/texmf-dist/fonts/type1/public/txfonts/t1xbtt.pfb><c:/Programme/Textverar
beitung/TexLive/2019/texmf-dist/fonts/type1/public/txfonts/t1xtt.pfb><c:/Progra
mme/Textverarbeitung/TexLive/2019/texmf-dist/fonts/type1/public/txfonts/t1xtt.p
fb>
Output written on medextractor.pdf (29 pages, 210874 bytes).
PDF statistics:
 609 PDF objects out of 1000 (max. 8388607)
 557 compressed objects within 6 object streams
 140 named destinations out of 1000 (max. 500000)
 397 words of extra memory for PDF output out of 10000 (max. 10000000)

